<?xml version="1.0" encoding="utf-8"?><testsuites name="pytest tests"><testsuite name="pytest" errors="0" failures="0" skipped="0" tests="19" time="21.038" timestamp="2026-03-29T17:32:28.206109+00:00" hostname="agent-env-0a10b7fa-e311-4508-a883-1e65bb016382"><testcase classname="tests.test_backend_api.TestHealthAndExercises" name="test_health_endpoint" time="0.228" /><testcase classname="tests.test_backend_api.TestHealthAndExercises" name="test_get_exercises" time="0.141" /><testcase classname="tests.test_backend_api.TestWorkouts" name="test_create_workout_and_verify" time="0.228" /><testcase classname="tests.test_backend_api.TestWorkouts" name="test_get_workouts_by_date" time="0.145" /><testcase classname="tests.test_backend_api.TestWorkouts" name="test_delete_workout_not_found" time="0.104" /><testcase classname="tests.test_backend_api.TestMeals" name="test_create_meal_and_verify" time="0.291" /><testcase classname="tests.test_backend_api.TestMeals" name="test_get_meals_by_date" time="0.128" /><testcase classname="tests.test_backend_api.TestMeasurements" name="test_create_measurement_and_verify" time="0.191" /><testcase classname="tests.test_backend_api.TestMeasurements" name="test_get_all_measurements" time="0.157" /><testcase classname="tests.test_backend_api.TestMeasurements" name="test_get_latest_measurement_empty" time="0.159" /><testcase classname="tests.test_backend_api.TestDashboard" name="test_get_dashboard_today" time="0.126" /><testcase classname="tests.test_backend_api.TestDashboard" name="test_get_dashboard_no_date" time="0.113" /><testcase classname="tests.test_backend_api.TestProfile" name="test_get_profile" time="0.131" /><testcase classname="tests.test_backend_api.TestProfile" name="test_update_profile_and_verify" time="0.241" /><testcase classname="tests.test_backend_api.TestChat" name="test_send_chat_trainer" time="9.281" /><testcase classname="tests.test_backend_api.TestChat" name="test_get_chat_history_trainer" time="0.131" /><testcase classname="tests.test_backend_api.TestChat" name="test_chat_invalid_persona" time="0.111" /><testcase classname="tests.test_backend_api.TestChat" name="test_clear_chat_history" time="2.703" /><testcase classname="tests.test_backend_api.TestMealImageAnalysis" name="test_analyze_meal_image_no_image" time="6.210" /></testsuite></testsuites>